<?xml version="1.0" encoding="UTF-8"?>
<!-- Generated by org.testng.reporters.JUnitReportReporter -->
<testsuite skipped="0" hostname="LAPTOP-NEW" name="BStackTakeScreenshot" tests="1" failures="0" timestamp="2021-05-26T06:54:29 IDT" time="11.675" errors="0">
  <testcase name="testBStackTakeScreenShot" time="11.675" classname="BStackTakeScreenshot"/>
</testsuite> <!-- BStackTakeScreenshot -->
