<?xml version="1.0" encoding="UTF-8"?>
<!-- Generated by org.testng.reporters.JUnitReportReporter -->
<testsuite skipped="0" hostname="LAPTOP-NEW" name="TakeScreenshot" tests="1" failures="0" timestamp="2021-05-26T06:58:10 IDT" time="13.975" errors="0">
  <testcase name="testBStackTakeScreenShot" time="13.975" classname="TakeScreenshot"/>
</testsuite> <!-- TakeScreenshot -->
