<?xml version="1.0" encoding="UTF-8"?>
<!-- Generated by org.testng.reporters.JUnitReportReporter -->
<testsuite skipped="0" hostname="LAPTOP-NEW" name="test.Test99GuruLogin" tests="1" failures="0" timestamp="2021-03-29T10:58:23 IDT" time="2.141" errors="0">
  <testcase name="test_Home_Page_Appear_Correct" time="2.141" classname="test.Test99GuruLogin"/>
</testsuite> <!-- test.Test99GuruLogin -->
