<?xml version="1.0" encoding="UTF-8"?>
<!-- Generated by org.testng.reporters.JUnitReportReporter -->
<testsuite skipped="0" hostname="LAPTOP-NEW" name="test.Test99GuruLoginWithPageFactory" tests="1" failures="0" timestamp="2021-03-29T10:48:27 IDT" time="3.011" errors="0">
  <testcase name="test_Home_Page_Appear_Correct" time="3.011" classname="test.Test99GuruLoginWithPageFactory"/>
</testsuite> <!-- test.Test99GuruLoginWithPageFactory -->
