<?xml version="1.0" encoding="UTF-8"?>
<!-- Generated by org.testng.reporters.JUnitReportReporter -->
<testsuite skipped="0" hostname="LAPTOP-NEW" name="guru99.test.Test99GuruLogin" tests="1" failures="0" timestamp="2021-06-20T08:11:46 IDT" time="1.810" errors="0">
  <testcase name="test_Home_Page_Appear_Correct" time="1.810" classname="guru99.test.Test99GuruLogin"/>
</testsuite> <!-- guru99.test.Test99GuruLogin -->
