<?xml version="1.0" encoding="UTF-8"?>
<!-- Generated by org.testng.reporters.JUnitReportReporter -->
<testsuite skipped="0" hostname="LAPTOP-NEW" name="guru99.test.Test99GuruLoginWithPageFactory" tests="1" failures="0" timestamp="2021-06-20T08:12:04 IDT" time="1.926" errors="0">
  <testcase name="test_Home_Page_Appear_Correct" time="1.926" classname="guru99.test.Test99GuruLoginWithPageFactory"/>
</testsuite> <!-- guru99.test.Test99GuruLoginWithPageFactory -->
